2025-07-14 03:08:14,862 - INFO - Starting BEVNeXt-SAM2 training...
2025-07-14 03:08:14,862 - INFO - Device: cuda
2025-07-14 03:08:14,862 - INFO - Model parameters: 2,791,829
2025-07-14 03:10:15,837 - INFO - Epoch 1/50 - Train Loss: 3.4358 - Val Loss: 3.4276 - LR: 0.000100
2025-07-14 03:10:15,900 - INFO - New best model saved with val_loss: 3.4276
2025-07-14 03:13:00,767 - INFO - Starting BEVNeXt-SAM2 training...
2025-07-14 03:13:00,767 - INFO - Device: cuda
2025-07-14 03:13:00,767 - INFO - Model parameters: 2,791,829
2025-07-14 03:15:01,922 - INFO - Epoch 1/50 - Train Loss: 3.4361 - Val Loss: 3.4234 - LR: 0.000100
2025-07-14 03:15:02,009 - INFO - New best model saved with val_loss: 3.4234
2025-07-14 03:17:00,505 - INFO - Epoch 2/50 - Train Loss: 3.4284 - Val Loss: 3.4221 - LR: 0.000100
2025-07-14 03:17:00,595 - INFO - New best model saved with val_loss: 3.4221
2025-07-14 03:18:58,842 - INFO - Epoch 3/50 - Train Loss: 3.4265 - Val Loss: 3.4247 - LR: 0.000099
2025-07-14 03:20:57,201 - INFO - Epoch 4/50 - Train Loss: 3.4260 - Val Loss: 3.4233 - LR: 0.000098
2025-07-14 03:22:55,500 - INFO - Epoch 5/50 - Train Loss: 3.4245 - Val Loss: 3.4238 - LR: 0.000098
2025-07-14 03:24:53,823 - INFO - Epoch 6/50 - Train Loss: 3.4239 - Val Loss: 3.4208 - LR: 0.000096
2025-07-14 03:24:53,904 - INFO - New best model saved with val_loss: 3.4208
2025-07-14 03:26:52,183 - INFO - Epoch 7/50 - Train Loss: 3.4231 - Val Loss: 3.4211 - LR: 0.000095
2025-07-14 03:28:50,594 - INFO - Epoch 8/50 - Train Loss: 3.4222 - Val Loss: 3.4221 - LR: 0.000094
2025-07-14 03:30:48,834 - INFO - Epoch 9/50 - Train Loss: 3.4237 - Val Loss: 3.4223 - LR: 0.000092
2025-07-14 03:32:47,167 - INFO - Epoch 10/50 - Train Loss: 3.4226 - Val Loss: 3.4213 - LR: 0.000090
2025-07-14 03:34:44,766 - INFO - Epoch 11/50 - Train Loss: 3.4229 - Val Loss: 3.4199 - LR: 0.000089
2025-07-14 03:34:44,846 - INFO - New best model saved with val_loss: 3.4199
2025-07-14 03:36:42,325 - INFO - Epoch 12/50 - Train Loss: 3.4224 - Val Loss: 3.4219 - LR: 0.000086
2025-07-14 03:38:39,865 - INFO - Epoch 13/50 - Train Loss: 3.4221 - Val Loss: 3.4203 - LR: 0.000084
2025-07-14 03:40:36,943 - INFO - Epoch 14/50 - Train Loss: 3.4223 - Val Loss: 3.4211 - LR: 0.000082
2025-07-14 03:42:33,516 - INFO - Epoch 15/50 - Train Loss: 3.4214 - Val Loss: 3.4228 - LR: 0.000079
2025-07-14 03:44:29,995 - INFO - Epoch 16/50 - Train Loss: 3.4217 - Val Loss: 3.4210 - LR: 0.000077
2025-07-14 03:46:26,462 - INFO - Epoch 17/50 - Train Loss: 3.4224 - Val Loss: 3.4223 - LR: 0.000074
2025-07-14 03:48:23,074 - INFO - Epoch 18/50 - Train Loss: 3.4219 - Val Loss: 3.4212 - LR: 0.000071
2025-07-14 03:50:19,632 - INFO - Epoch 19/50 - Train Loss: 3.4211 - Val Loss: 3.4193 - LR: 0.000068
2025-07-14 03:50:19,719 - INFO - New best model saved with val_loss: 3.4193
2025-07-14 03:52:16,300 - INFO - Epoch 20/50 - Train Loss: 3.4207 - Val Loss: 3.4220 - LR: 0.000065
2025-07-14 03:54:12,834 - INFO - Epoch 21/50 - Train Loss: 3.4204 - Val Loss: 3.4216 - LR: 0.000062
2025-07-14 03:56:09,276 - INFO - Epoch 22/50 - Train Loss: 3.4215 - Val Loss: 3.4218 - LR: 0.000059
2025-07-14 03:58:05,693 - INFO - Epoch 23/50 - Train Loss: 3.4207 - Val Loss: 3.4211 - LR: 0.000056
2025-07-14 04:00:02,210 - INFO - Epoch 24/50 - Train Loss: 3.4215 - Val Loss: 3.4212 - LR: 0.000053
2025-07-14 04:01:58,660 - INFO - Epoch 25/50 - Train Loss: 3.4218 - Val Loss: 3.4203 - LR: 0.000050
2025-07-14 04:03:55,293 - INFO - Epoch 26/50 - Train Loss: 3.4214 - Val Loss: 3.4199 - LR: 0.000047
2025-07-14 04:05:51,693 - INFO - Epoch 27/50 - Train Loss: 3.4212 - Val Loss: 3.4207 - LR: 0.000044
2025-07-14 04:07:48,218 - INFO - Epoch 28/50 - Train Loss: 3.4209 - Val Loss: 3.4213 - LR: 0.000041
2025-07-14 04:09:44,849 - INFO - Epoch 29/50 - Train Loss: 3.4210 - Val Loss: 3.4208 - LR: 0.000038
2025-07-14 04:11:41,210 - INFO - Epoch 30/50 - Train Loss: 3.4214 - Val Loss: 3.4220 - LR: 0.000035
2025-07-14 04:13:37,714 - INFO - Epoch 31/50 - Train Loss: 3.4208 - Val Loss: 3.4204 - LR: 0.000032
2025-07-14 04:15:34,046 - INFO - Epoch 32/50 - Train Loss: 3.4212 - Val Loss: 3.4186 - LR: 0.000029
2025-07-14 04:15:34,124 - INFO - New best model saved with val_loss: 3.4186
2025-07-14 04:17:30,666 - INFO - Epoch 33/50 - Train Loss: 3.4202 - Val Loss: 3.4223 - LR: 0.000026
2025-07-14 04:19:27,142 - INFO - Epoch 34/50 - Train Loss: 3.4208 - Val Loss: 3.4219 - LR: 0.000023
2025-07-14 04:21:24,741 - INFO - Epoch 35/50 - Train Loss: 3.4211 - Val Loss: 3.4209 - LR: 0.000021
2025-07-14 04:23:23,296 - INFO - Epoch 36/50 - Train Loss: 3.4208 - Val Loss: 3.4192 - LR: 0.000018
2025-07-14 04:25:22,070 - INFO - Epoch 37/50 - Train Loss: 3.4212 - Val Loss: 3.4213 - LR: 0.000016
2025-07-14 04:27:20,967 - INFO - Epoch 38/50 - Train Loss: 3.4215 - Val Loss: 3.4180 - LR: 0.000014
2025-07-14 04:27:21,052 - INFO - New best model saved with val_loss: 3.4180
2025-07-14 04:29:20,028 - INFO - Epoch 39/50 - Train Loss: 3.4208 - Val Loss: 3.4213 - LR: 0.000011
2025-07-14 04:31:19,274 - INFO - Epoch 40/50 - Train Loss: 3.4213 - Val Loss: 3.4208 - LR: 0.000010
2025-07-14 04:33:17,758 - INFO - Epoch 41/50 - Train Loss: 3.4204 - Val Loss: 3.4210 - LR: 0.000008
2025-07-14 04:35:16,790 - INFO - Epoch 42/50 - Train Loss: 3.4210 - Val Loss: 3.4188 - LR: 0.000006
2025-07-14 04:37:15,170 - INFO - Epoch 43/50 - Train Loss: 3.4213 - Val Loss: 3.4199 - LR: 0.000005
2025-07-14 04:39:13,655 - INFO - Epoch 44/50 - Train Loss: 3.4216 - Val Loss: 3.4200 - LR: 0.000004
2025-07-14 04:41:11,918 - INFO - Epoch 45/50 - Train Loss: 3.4206 - Val Loss: 3.4196 - LR: 0.000002
2025-07-14 04:43:10,096 - INFO - Epoch 46/50 - Train Loss: 3.4214 - Val Loss: 3.4193 - LR: 0.000002
2025-07-14 04:45:08,315 - INFO - Epoch 47/50 - Train Loss: 3.4213 - Val Loss: 3.4218 - LR: 0.000001
2025-07-14 04:47:06,403 - INFO - Epoch 48/50 - Train Loss: 3.4201 - Val Loss: 3.4197 - LR: 0.000000
2025-07-14 04:49:04,784 - INFO - Epoch 49/50 - Train Loss: 3.4208 - Val Loss: 3.4213 - LR: 0.000000
2025-07-14 04:51:02,952 - INFO - Epoch 50/50 - Train Loss: 3.4204 - Val Loss: 3.4210 - LR: 0.000000
2025-07-14 04:51:03,013 - INFO - Training completed!
